2023-11-04 13:29:09,516 - basicLogger - INFO - Retrieving Stock Price per Share at index 1
2023-11-04 13:29:09,517 - basicLogger - ERROR - No more messages found
2023-11-04 13:29:09,517 - basicLogger - ERROR - Could not find {str_type} at {index}
2023-11-04 13:30:17,410 - basicLogger - INFO - Retrieving Stock Price per Share at index 1
2023-11-04 13:30:17,411 - basicLogger - ERROR - No more messages found
2023-11-04 13:30:17,411 - basicLogger - ERROR - Could not find {str_type} at {index}
2023-11-04 13:30:25,799 - basicLogger - INFO - Retrieving Stock Price per Share at index 3
2023-11-04 13:30:25,800 - basicLogger - ERROR - No more messages found
2023-11-04 13:30:25,800 - basicLogger - ERROR - Could not find {str_type} at {index}
2023-11-04 13:31:41,372 - basicLogger - INFO - Retrieving Stock Price per Share at index 3
2023-11-04 13:31:41,373 - basicLogger - ERROR - No more messages found
2023-11-04 13:31:41,373 - basicLogger - ERROR - Could not find {str_type} at {index}
2023-11-04 13:31:50,599 - basicLogger - INFO - Retrieving Stock Price per Share at index 3
2023-11-04 13:31:50,599 - basicLogger - ERROR - No more messages found
2023-11-04 13:31:50,599 - basicLogger - ERROR - Could not find {str_type} at {index}
2023-11-04 13:31:52,762 - basicLogger - INFO - Retrieving Stock Price per Share at index 3
2023-11-04 13:31:52,762 - basicLogger - ERROR - No more messages found
2023-11-04 13:31:52,762 - basicLogger - ERROR - Could not find {str_type} at {index}
2023-11-04 13:31:54,185 - basicLogger - INFO - Retrieving Stock Price per Share at index 1
2023-11-04 13:31:54,185 - basicLogger - ERROR - No more messages found
2023-11-04 13:31:54,185 - basicLogger - ERROR - Could not find {str_type} at {index}
2023-11-04 13:32:14,976 - basicLogger - INFO - Retrieving Stock Price per Share at index 1
2023-11-04 13:32:14,977 - basicLogger - ERROR - No more messages found
2023-11-04 13:32:14,977 - basicLogger - ERROR - Could not find {str_type} at {index}
2023-11-04 13:34:24,841 - basicLogger - INFO - Retrieving Stock Price per Share at index 1
2023-11-04 13:34:24,841 - basicLogger - ERROR - No more messages found
2023-11-04 13:34:24,842 - basicLogger - ERROR - Could not find Stock Price per Share at 1
2023-11-04 13:34:58,992 - basicLogger - INFO - Retrieving Stock Price per Share at index 1
2023-11-04 13:36:28,704 - basicLogger - INFO - Retrieving Stock Price per Share at index 1
2023-11-04 13:36:28,879 - basicLogger - ERROR - No more messages found
2023-11-04 13:36:28,880 - basicLogger - ERROR - Could not find Stock Price per Share at 1
2023-11-06 13:34:47,450 - basicLogger - INFO - Retrieving Stock Price per Share at index 1
2023-11-06 13:34:47,565 - basicLogger - ERROR - No more messages found
2023-11-06 13:34:47,566 - basicLogger - ERROR - Could not find Stock Price per Share at 1
2023-11-06 13:39:49,028 - basicLogger - INFO - Retrieving get_sell_order at index 1
2023-11-06 13:39:49,189 - basicLogger - ERROR - No more messages found
2023-11-06 13:39:49,189 - basicLogger - ERROR - Could not find get_sell_order at 1
2023-11-06 13:40:25,412 - basicLogger - INFO - Retrieving get_sell_order at index 1
2023-11-06 13:40:25,568 - basicLogger - ERROR - No more messages found
2023-11-06 13:40:25,569 - basicLogger - ERROR - Could not find get_sell_order at 1
2023-11-06 13:40:35,990 - basicLogger - INFO - Retrieving get_sell_order at index 1
2023-11-06 13:40:36,149 - basicLogger - ERROR - No more messages found
2023-11-06 13:40:36,149 - basicLogger - ERROR - Could not find get_sell_order at 1
2023-11-06 13:40:37,452 - basicLogger - INFO - Retrieving get_sell_order at index 1
2023-11-06 13:40:37,618 - basicLogger - ERROR - No more messages found
2023-11-06 13:40:37,618 - basicLogger - ERROR - Could not find get_sell_order at 1
2023-11-06 13:40:38,424 - basicLogger - INFO - Retrieving get_sell_order at index 1
2023-11-06 13:40:38,585 - basicLogger - ERROR - No more messages found
2023-11-06 13:40:38,585 - basicLogger - ERROR - Could not find get_sell_order at 1
2023-11-06 13:41:34,262 - basicLogger - INFO - Retrieving get_sell_order at index 1
2023-11-06 13:41:34,472 - basicLogger - ERROR - No more messages found
2023-11-06 13:41:34,473 - basicLogger - ERROR - Could not find get_sell_order at 1
2023-11-06 13:42:20,848 - basicLogger - INFO - Retrieving get_sell_order at index 1
2023-11-06 13:42:22,405 - basicLogger - ERROR - No more messages found
2023-11-06 13:42:22,405 - basicLogger - ERROR - Could not find get_sell_order at 1
2023-11-06 13:43:01,567 - basicLogger - INFO - Retrieving get_sell_order at index 1
2023-11-06 13:43:02,819 - basicLogger - ERROR - No more messages found
2023-11-06 13:43:02,820 - basicLogger - ERROR - Could not find get_sell_order at 1
2023-11-06 13:43:07,275 - basicLogger - INFO - Retrieving new_sell_order at index 1
2023-11-06 13:43:07,496 - basicLogger - ERROR - No more messages found
2023-11-06 13:43:07,496 - basicLogger - ERROR - Could not find new_sell_order at 1
2023-11-06 13:43:11,713 - basicLogger - INFO - Retrieving new_sell_order at index 1
2023-11-06 13:43:11,933 - basicLogger - ERROR - No more messages found
2023-11-06 13:43:11,933 - basicLogger - ERROR - Could not find new_sell_order at 1
2023-11-06 13:43:24,810 - basicLogger - INFO - Retrieving new_sell_order at index 1
2023-11-06 13:43:25,045 - basicLogger - ERROR - No more messages found
2023-11-06 13:43:25,045 - basicLogger - ERROR - Could not find new_sell_order at 1
2023-11-06 13:44:02,737 - basicLogger - INFO - Retrieving new_sell_order at index: 1
2023-11-06 13:44:02,957 - basicLogger - ERROR - No more messages found
2023-11-06 13:44:02,958 - basicLogger - ERROR - Could not find new_sell_order at index: 1
2023-11-06 13:44:51,690 - basicLogger - INFO - Retrieving new_sell_order at index: 1
2023-11-06 13:44:51,908 - basicLogger - ERROR - No more messages found
2023-11-06 13:44:51,908 - basicLogger - ERROR - Could not find new_sell_order at index: 1
2023-11-06 13:45:43,122 - basicLogger - INFO - Retrieving new_sell_order at index: 1
2023-11-06 13:45:43,334 - basicLogger - ERROR - No more messages found
2023-11-06 13:45:43,334 - basicLogger - ERROR - Could not find new_sell_order at index: 1
2023-11-06 13:46:18,119 - basicLogger - INFO - Retrieving new_sell_order at index: 1
2023-11-06 13:46:18,337 - basicLogger - ERROR - No more messages found
2023-11-06 13:46:18,337 - basicLogger - ERROR - Could not find new_sell_order at index: 1
2023-11-06 13:46:39,612 - basicLogger - INFO - Retrieving new_sell_order at index: 1
2023-11-06 13:46:39,827 - basicLogger - ERROR - No more messages found
2023-11-06 13:46:39,828 - basicLogger - ERROR - Could not find new_sell_order at index: 1
2023-11-06 13:47:31,272 - basicLogger - INFO - Retrieving new_sell_order at index: 1
2023-11-06 13:47:31,489 - basicLogger - ERROR - No more messages found
2023-11-06 13:47:31,490 - basicLogger - ERROR - Could not find new_sell_order at index: 1
2023-11-06 13:48:28,522 - basicLogger - INFO - Retrieving new_sell_order at index: 1
2023-11-06 13:48:28,736 - basicLogger - ERROR - No more messages found
2023-11-06 13:48:28,736 - basicLogger - ERROR - Could not find new_sell_order at index: 1
2023-11-06 13:50:34,356 - basicLogger - INFO - Retrieving new_sell_order at index: 1
2023-11-06 13:50:34,576 - basicLogger - ERROR - No more messages found. EXCEPTION: 'event'
2023-11-06 13:50:34,576 - basicLogger - ERROR - Could not find new_sell_order at index: 1
2023-11-06 13:52:12,836 - basicLogger - INFO - Retrieving new_sell_order at index: 1
2023-11-06 13:52:13,054 - basicLogger - ERROR - No more messages found. EXCEPTION: 'event'
2023-11-06 13:52:13,054 - basicLogger - ERROR - Could not find new_sell_order at index: 1
2023-11-06 13:52:54,374 - basicLogger - INFO - Retrieving new_sell_order at index: 1
2023-11-07 09:11:53,573 - basicLogger - INFO - Retrieving new_sell_order at index: 100
2023-11-07 09:11:58,776 - basicLogger - INFO - Retrieving new_sell_order at index: 1
2023-11-07 09:13:25,342 - basicLogger - INFO - Retrieving new_sell_order at index: 1
2023-11-07 09:13:28,217 - basicLogger - INFO - Retrieving new_sell_order at index: 1
2023-11-07 09:13:36,832 - basicLogger - INFO - Retrieving new_sell_order at index: 100
2023-11-07 09:13:40,656 - basicLogger - INFO - Retrieving new_sell_order at index: 1000
2023-11-07 09:13:45,941 - basicLogger - INFO - Retrieving new_sell_order at index: 100
2023-11-07 09:23:16,433 - basicLogger - INFO - Retrieving new_sell_order at index: 100
2023-11-07 09:23:25,041 - basicLogger - INFO - Retrieving new_stock at index: 33
2023-11-07 09:23:34,987 - basicLogger - INFO - Retrieving new_stock at index: 200
2023-11-07 09:23:39,520 - basicLogger - INFO - Retrieving new_stock at index: 300
2023-11-07 09:23:43,650 - basicLogger - INFO - Retrieving new_stock at index: 600
2023-11-07 09:23:49,478 - basicLogger - INFO - Retrieving new_stock at index: 500
2023-11-07 09:23:52,481 - basicLogger - INFO - Retrieving new_stock at index: 400
2023-11-07 09:23:55,202 - basicLogger - INFO - Retrieving new_stock at index: 300
2023-11-07 09:25:29,886 - basicLogger - INFO - Retrieving new_stock at index: 400
2023-11-07 09:25:35,580 - basicLogger - INFO - Retrieving new_stock at index: 350
2023-11-07 09:25:39,152 - basicLogger - INFO - Retrieving new_stock at index: 360
2023-11-07 09:25:41,104 - basicLogger - INFO - Retrieving new_stock at index: 370
2023-11-07 09:25:42,833 - basicLogger - INFO - Retrieving new_stock at index: 380
2023-11-07 09:25:44,741 - basicLogger - INFO - Retrieving new_stock at index: 390
2023-11-07 09:25:47,905 - basicLogger - INFO - Retrieving new_stock at index: 400
2023-11-07 09:25:50,715 - basicLogger - INFO - Retrieving new_stock at index: 400
2023-11-07 09:25:52,787 - basicLogger - INFO - Retrieving new_stock at index: 400
2023-11-07 09:25:57,576 - basicLogger - INFO - Retrieving new_stock at index: 390
